<?xml version="1.0" encoding="UTF-8"?>
<testng-results ignored="0" total="1" passed="1" failed="0" skipped="0">
  <reporter-output>
  </reporter-output>
  <suite started-at="2024-07-28T11:42:08 IST" name="Default suite" finished-at="2024-07-28T11:42:40 IST" duration-ms="32212">
    <groups>
    </groups>
    <test started-at="2024-07-28T11:42:08 IST" name="Default test" finished-at="2024-07-28T11:42:40 IST" duration-ms="32212">
      <class name="com.ShopperStack.TestScript.Verify_user_is_able_to_delete_address_or_not">
        <test-method is-config="true" signature="beforeSuite()[pri:0, instance:com.ShopperStack.TestScript.Verify_user_is_able_to_delete_address_or_not@4b0d79fc]" started-at="2024-07-28T11:42:08 IST" name="beforeSuite" finished-at="2024-07-28T11:42:08 IST" duration-ms="7" status="PASS">
          <reporter-output>
          </reporter-output>
        </test-method> <!-- beforeSuite -->
        <test-method is-config="true" signature="beforeTest()[pri:0, instance:com.ShopperStack.TestScript.Verify_user_is_able_to_delete_address_or_not@4b0d79fc]" started-at="2024-07-28T11:42:08 IST" name="beforeTest" finished-at="2024-07-28T11:42:09 IST" duration-ms="261" status="PASS">
          <reporter-output>
          </reporter-output>
        </test-method> <!-- beforeTest -->
        <test-method is-config="true" signature="beforeClass()[pri:0, instance:com.ShopperStack.TestScript.Verify_user_is_able_to_delete_address_or_not@4b0d79fc]" started-at="2024-07-28T11:42:09 IST" name="beforeClass" finished-at="2024-07-28T11:42:12 IST" duration-ms="3881" status="PASS">
          <reporter-output>
          </reporter-output>
        </test-method> <!-- beforeClass -->
        <test-method is-config="true" signature="beforeMethod()[pri:0, instance:com.ShopperStack.TestScript.Verify_user_is_able_to_delete_address_or_not@4b0d79fc]" started-at="2024-07-28T11:42:12 IST" name="beforeMethod" finished-at="2024-07-28T11:42:25 IST" duration-ms="12470" status="PASS">
          <reporter-output>
          </reporter-output>
        </test-method> <!-- beforeMethod -->
        <test-method signature="deleteAddress()[pri:0, instance:com.ShopperStack.TestScript.Verify_user_is_able_to_delete_address_or_not@4b0d79fc]" started-at="2024-07-28T11:42:25 IST" name="deleteAddress" finished-at="2024-07-28T11:42:36 IST" duration-ms="11196" status="PASS">
          <reporter-output>
          </reporter-output>
        </test-method> <!-- deleteAddress -->
        <test-method is-config="true" signature="afterMethod()[pri:0, instance:com.ShopperStack.TestScript.Verify_user_is_able_to_delete_address_or_not@4b0d79fc]" started-at="2024-07-28T11:42:36 IST" name="afterMethod" finished-at="2024-07-28T11:42:37 IST" duration-ms="614" status="PASS">
          <reporter-output>
          </reporter-output>
        </test-method> <!-- afterMethod -->
        <test-method is-config="true" signature="afterClass()[pri:0, instance:com.ShopperStack.TestScript.Verify_user_is_able_to_delete_address_or_not@4b0d79fc]" started-at="2024-07-28T11:42:37 IST" name="afterClass" finished-at="2024-07-28T11:42:40 IST" duration-ms="3241" status="PASS">
          <reporter-output>
          </reporter-output>
        </test-method> <!-- afterClass -->
        <test-method is-config="true" signature="afterTest()[pri:0, instance:com.ShopperStack.TestScript.Verify_user_is_able_to_delete_address_or_not@4b0d79fc]" started-at="2024-07-28T11:42:40 IST" name="afterTest" finished-at="2024-07-28T11:42:40 IST" duration-ms="502" status="PASS">
          <reporter-output>
          </reporter-output>
        </test-method> <!-- afterTest -->
        <test-method is-config="true" signature="afterSuite()[pri:0, instance:com.ShopperStack.TestScript.Verify_user_is_able_to_delete_address_or_not@4b0d79fc]" started-at="2024-07-28T11:42:41 IST" name="afterSuite" finished-at="2024-07-28T11:42:41 IST" duration-ms="1" status="PASS">
          <reporter-output>
          </reporter-output>
        </test-method> <!-- afterSuite -->
      </class> <!-- com.ShopperStack.TestScript.Verify_user_is_able_to_delete_address_or_not -->
    </test> <!-- Default test -->
  </suite> <!-- Default suite -->
</testng-results>
