<?xml version="1.0" encoding="UTF-8"?>
<!-- Generated by org.testng.reporters.JUnitXMLReporter -->
<testsuite ignored="4" hostname="Asmita" failures="0" tests="2" name="Test" time="64.714" errors="0" timestamp="2024-07-28T10:55:52 IST">
  <testcase classname="com.ShopperStack.TestScript.Verify_user_is_able_to_Add_Address_or_not" name="addAddress" time="5.104"/>
  <testcase classname="com.ShopperStack.TestScript.Verify_user_is_able_to_delete_address_or_not" name="deleteAddress" time="10.948"/>
  <testcase classname="com.ShopperStalk_Generic_Utility.Base_Test" name="@AfterSuite afterSuite" time="0.0">
    <ignored/>
  </testcase> <!-- @AfterSuite afterSuite -->
  <testcase classname="com.ShopperStalk_Generic_Utility.Base_Test" name="@BeforeSuite beforeSuite" time="0.0">
    <ignored/>
  </testcase> <!-- @BeforeSuite beforeSuite -->
  <testcase classname="com.ShopperStalk_Generic_Utility.Base_Test" name="@AfterTest afterTest" time="0.0">
    <ignored/>
  </testcase> <!-- @AfterTest afterTest -->
  <testcase classname="com.ShopperStalk_Generic_Utility.Base_Test" name="@BeforeTest beforeTest" time="0.0">
    <ignored/>
  </testcase> <!-- @BeforeTest beforeTest -->
</testsuite> <!-- Test -->
